<?xml version="1.0" encoding="UTF-8"?>
<testng-results ignored="0" total="1" passed="1" failed="0" skipped="0">
  <reporter-output>
  </reporter-output>
  <suite started-at="2022-12-12T22:54:56 IST" name="Default suite" finished-at="2022-12-12T22:55:15 IST" duration-ms="18692">
    <groups>
    </groups>
    <test started-at="2022-12-12T22:54:56 IST" name="Default test" finished-at="2022-12-12T22:55:15 IST" duration-ms="18692">
      <class name="test_script.Test1">
        <test-method is-config="true" signature="open_app()[pri:0, instance:test_script.Test1@71def8f8]" started-at="2022-12-12T22:54:56 IST" name="open_app" finished-at="2022-12-12T22:55:05 IST" duration-ms="9069" status="PASS">
          <reporter-output>
          </reporter-output>
        </test-method> <!-- open_app -->
        <test-method signature="test1()[pri:0, instance:test_script.Test1@71def8f8]" started-at="2022-12-12T22:55:05 IST" name="test1" finished-at="2022-12-12T22:55:13 IST" duration-ms="7760" status="PASS">
          <reporter-output>
          </reporter-output>
        </test-method> <!-- test1 -->
        <test-method is-config="true" signature="close_app(org.testng.ITestResult)[pri:0, instance:test_script.Test1@71def8f8]" started-at="2022-12-12T22:55:13 IST" name="close_app" finished-at="2022-12-12T22:55:15 IST" duration-ms="1801" status="PASS">
          <params>
            <param index="0">
              <value>
                <![CDATA[[TestResult name=test1 status=SUCCESS method=Test1.test1()[pri:0, instance:test_script.Test1@71def8f8] output={null}]]]>
              </value>
            </param>
          </params>
          <reporter-output>
          </reporter-output>
        </test-method> <!-- close_app -->
      </class> <!-- test_script.Test1 -->
    </test> <!-- Default test -->
  </suite> <!-- Default suite -->
</testng-results>
